<?xml version="1.0" encoding="UTF-8"?>
<!-- Generated by org.testng.reporters.JUnitReportReporter -->
<testsuite hostname="DESKTOP-M38F426" failures="0" tests="2" name="newproject.AppTest" time="0.017" errors="0" timestamp="2023-06-20T12:19:24 IST" skipped="0">
  <testcase classname="newproject.AppTest" name="testlogin2" time="0.001"/>
  <system-out/>
  <testcase classname="newproject.AppTest" name="testlogin1" time="0.016"/>
  <system-out/>
</testsuite> <!-- newproject.AppTest -->
