<?xml version="1.0" encoding="UTF-8"?>
<!-- Generated by org.testng.reporters.JUnitReportReporter -->
<testsuite hostname="DESKTOP-M38F426" failures="0" tests="2" name="newproject.AppTest" time="0.013" errors="0" timestamp="2023-07-01T11:20:08 IST" skipped="0">
  <testcase classname="newproject.AppTest" name="testlogin1" time="0.013"/>
  <system-out/>
  <testcase classname="newproject.AppTest" name="testlogin2" time="0.000"/>
  <system-out/>
</testsuite> <!-- newproject.AppTest -->
